<?xml version="1.0" encoding="UTF-8" ?>
<testsuite failures="0" time="0.504" errors="0" skipped="0" tests="34" name="TestSuite">
  <properties>
    <property name="java.runtime.name" value="Java(TM) SE Runtime Environment"/>
    <property name="sun.boot.library.path" value="C:\java\jdk1.6.0_21\jre\bin"/>
    <property name="java.vm.version" value="17.0-b17"/>
    <property name="java.vm.vendor" value="Sun Microsystems Inc."/>
    <property name="java.vendor.url" value="http://java.sun.com/"/>
    <property name="path.separator" value=";"/>
    <property name="java.vm.name" value="Java HotSpot(TM) 64-Bit Server VM"/>
    <property name="file.encoding.pkg" value="sun.io"/>
    <property name="user.country" value="US"/>
    <property name="sun.java.launcher" value="SUN_STANDARD"/>
    <property name="sun.os.patch.level" value=""/>
    <property name="java.vm.specification.name" value="Java Virtual Machine Specification"/>
    <property name="user.dir" value="C:\dev\eclipse\workspace\xenephon\AmazonQuiz"/>
    <property name="java.runtime.version" value="1.6.0_21-b07"/>
    <property name="java.awt.graphicsenv" value="sun.awt.Win32GraphicsEnvironment"/>
    <property name="basedir" value="C:\dev\eclipse\workspace\xenephon\AmazonQuiz"/>
    <property name="java.endorsed.dirs" value="C:\java\jdk1.6.0_21\jre\lib\endorsed"/>
    <property name="os.arch" value="amd64"/>
    <property name="surefire.real.class.path" value="C:\Users\aaron\AppData\Local\Temp\surefirebooter8222814088498871693.jar"/>
    <property name="java.io.tmpdir" value="C:\Users\aaron\AppData\Local\Temp\"/>
    <property name="line.separator" value="
"/>
    <property name="java.vm.specification.vendor" value="Sun Microsystems Inc."/>
    <property name="user.variant" value=""/>
    <property name="os.name" value="Windows 7"/>
    <property name="sun.jnu.encoding" value="Cp1252"/>
    <property name="java.library.path" value="C:\java\jdk1.6.0_21\jre\bin;.;C:\Windows\Sun\Java\bin;C:\Windows\system32;C:\Windows;C:\Program Files\Common Files\Microsoft Shared\Windows Live;C:\Program Files (x86)\Common Files\Microsoft Shared\Windows Live;C:\dev\ImageMagick\6.6.4-Q16;C:\dev\php\5.3.3\;C:\java\jdk1.6.0_21\bin;C:\dev\ant\1.8.1\bin;C:\dev\php\5.3.3;C:\Perl\5.12.1\site\bin;C:\Perl\5.12.1\bin;C:\ruby\1.8.7\bin;c:\python\2.7;C:\Windows\system32;C:\Windows;C:\Windows\System32\Wbem;C:\Windows\System32\WindowsPowerShell\v1.0\;C:\Program Files (x86)\EgisTec MyWinLocker\x86;C:\Program Files (x86)\EgisTec MyWinLocker\x64;C:\Program Files (x86)\ATI Technologies\ATI.ACE\Core-Static;C:\Program Files\WIDCOMM\Bluetooth Software\;C:\Program Files\WIDCOMM\Bluetooth Software\syswow64;C:\strawberry\c\bin;C:\strawberry\perl\site\bin;C:\strawberry\perl\bin;C:\Program Files\TortoiseSVN\bin;C:\Program Files\SlikSvn\bin\;c:\vim\7.3;C:\Program Files\Microsoft SDKs\Windows\v7.0\Bin;WIN_SDK_64%;C:\msys\1.0.11\bin;C:\dev\UnxUtils\usr\local\wbin;C:\dev\PuTTY;C:\dev\Git\1.7.0.2\cmd;C:\dev\Git\1.7.0.2\bin;C:\dev\mysql\5.1\bin;C:\Program Files (x86)\Mozilla\Firefox\3.6.8;C:\dev\groovy\1.7.5\bin;C:\Program Files (x86)\Windows Live\Shared;c:\Program Files (x86)\Microsoft SQL Server\100\Tools\Binn\;c:\Program Files\Microsoft SQL Server\100\Tools\Binn\;c:\Program Files\Microsoft SQL Server\100\DTS\Binn\;C:\Program Files (x86)\Common Files\Intuit\QBPOSSDKRuntime;C:\Apache\2.2\bin;C:\dev\php\frameworks\zend\1.11.2\bin;c:\jruby\1.5.2\bin;C:\Ruby\1.8.7\bin;C:\Program Files (x86)\OpenVPN\bin;c:\dev\maven\2.2.1\bin"/>
    <property name="surefire.test.class.path" value="C:\dev\eclipse\workspace\xenephon\AmazonQuiz\target\test-classes;C:\dev\eclipse\workspace\xenephon\AmazonQuiz\target\classes;C:\Users\aaron\.m2\repository\org\testng\testng\5.14\testng-5.14.jar;C:\Users\aaron\.m2\repository\junit\junit\3.8.1\junit-3.8.1.jar;C:\Users\aaron\.m2\repository\org\beanshell\bsh\2.0b4\bsh-2.0b4.jar;C:\Users\aaron\.m2\repository\com\google\inject\guice\2.0\guice-2.0.jar;C:\Users\aaron\.m2\repository\aopalliance\aopalliance\1.0\aopalliance-1.0.jar;C:\Users\aaron\.m2\repository\com\beust\jcommander\1.5\jcommander-1.5.jar;C:\Users\aaron\.m2\repository\org\junit\junit\4.8.2\junit-4.8.2.jar;"/>
    <property name="java.specification.name" value="Java Platform API Specification"/>
    <property name="java.class.version" value="50.0"/>
    <property name="sun.management.compiler" value="HotSpot 64-Bit Server Compiler"/>
    <property name="os.version" value="6.1"/>
    <property name="user.home" value="C:\Users\aaron"/>
    <property name="user.timezone" value="America/Los_Angeles"/>
    <property name="java.awt.printerjob" value="sun.awt.windows.WPrinterJob"/>
    <property name="java.specification.version" value="1.6"/>
    <property name="file.encoding" value="Cp1252"/>
    <property name="user.name" value="aaron"/>
    <property name="java.class.path" value="C:\dev\eclipse\workspace\xenephon\AmazonQuiz\target\test-classes;C:\dev\eclipse\workspace\xenephon\AmazonQuiz\target\classes;C:\Users\aaron\.m2\repository\org\testng\testng\5.14\testng-5.14.jar;C:\Users\aaron\.m2\repository\junit\junit\3.8.1\junit-3.8.1.jar;C:\Users\aaron\.m2\repository\org\beanshell\bsh\2.0b4\bsh-2.0b4.jar;C:\Users\aaron\.m2\repository\com\google\inject\guice\2.0\guice-2.0.jar;C:\Users\aaron\.m2\repository\aopalliance\aopalliance\1.0\aopalliance-1.0.jar;C:\Users\aaron\.m2\repository\com\beust\jcommander\1.5\jcommander-1.5.jar;C:\Users\aaron\.m2\repository\org\junit\junit\4.8.2\junit-4.8.2.jar;"/>
    <property name="java.vm.specification.version" value="1.0"/>
    <property name="sun.arch.data.model" value="64"/>
    <property name="java.home" value="C:\java\jdk1.6.0_21\jre"/>
    <property name="java.specification.vendor" value="Sun Microsystems Inc."/>
    <property name="user.language" value="en"/>
    <property name="awt.toolkit" value="sun.awt.windows.WToolkit"/>
    <property name="java.vm.info" value="mixed mode"/>
    <property name="java.version" value="1.6.0_21"/>
    <property name="java.ext.dirs" value="C:\java\jdk1.6.0_21\jre\lib\ext;C:\Windows\Sun\Java\lib\ext"/>
    <property name="sun.boot.class.path" value="C:\java\jdk1.6.0_21\jre\lib\resources.jar;C:\java\jdk1.6.0_21\jre\lib\rt.jar;C:\java\jdk1.6.0_21\jre\lib\sunrsasign.jar;C:\java\jdk1.6.0_21\jre\lib\jsse.jar;C:\java\jdk1.6.0_21\jre\lib\jce.jar;C:\java\jdk1.6.0_21\jre\lib\charsets.jar;C:\java\jdk1.6.0_21\jre\classes"/>
    <property name="java.vendor" value="Sun Microsystems Inc."/>
    <property name="localRepository" value="C:\Users\aaron\.m2\repository"/>
    <property name="file.separator" value="\"/>
    <property name="java.vendor.url.bug" value="http://java.sun.com/cgi-bin/bugreport.cgi"/>
    <property name="sun.cpu.endian" value="little"/>
    <property name="sun.io.unicode.encoding" value="UnicodeLittle"/>
    <property name="sun.desktop" value="windows"/>
    <property name="sun.cpu.isalist" value="amd64"/>
  </properties>
  <testcase time="0.008" classname="amazon.quiz.DuplicateDetectorTest" name="testScenarios"/>
  <testcase time="0" classname="amazon.quiz.DuplicateDetectorTest" name="testScenarios"/>
  <testcase time="0" classname="amazon.quiz.DuplicateDetectorTest" name="testScenarios"/>
  <testcase time="0" classname="amazon.quiz.DuplicateDetectorTest" name="testScenarios"/>
  <testcase time="0" classname="amazon.quiz.DuplicateDetectorTest" name="testScenarios"/>
  <testcase time="0" classname="amazon.quiz.DuplicateDetectorTest" name="testScenarios"/>
  <testcase time="0" classname="amazon.quiz.DuplicateDetectorTest" name="testScenarios"/>
  <testcase time="0" classname="amazon.quiz.DuplicateDetectorTest" name="testScenarios"/>
  <testcase time="0" classname="amazon.quiz.DuplicateDetectorTest" name="testScenarios"/>
  <testcase time="0.003" classname="amazon.quiz.PalindromeDetectorTest" name="testInvalidPalindromes"/>
  <testcase time="0" classname="amazon.quiz.PalindromeDetectorTest" name="testInvalidPalindromes"/>
  <testcase time="0" classname="amazon.quiz.PalindromeDetectorTest" name="testInvalidPalindromes"/>
  <testcase time="0" classname="amazon.quiz.PalindromeDetectorTest" name="testInvalidPalindromes"/>
  <testcase time="0" classname="amazon.quiz.PalindromeDetectorTest" name="testInvalidTypes"/>
  <testcase time="0" classname="amazon.quiz.PalindromeDetectorTest" name="testInvalidTypes"/>
  <testcase time="0" classname="amazon.quiz.PalindromeDetectorTest" name="testInvalidTypes"/>
  <testcase time="0" classname="amazon.quiz.PalindromeDetectorTest" name="testInvalidTypes"/>
  <testcase time="0.001" classname="amazon.quiz.PalindromeDetectorTest" name="testInvalidTypes"/>
  <testcase time="0" classname="amazon.quiz.PalindromeDetectorTest" name="testInvalidTypes"/>
  <testcase time="0" classname="amazon.quiz.PalindromeDetectorTest" name="testMinLength"/>
  <testcase time="0" classname="amazon.quiz.PalindromeDetectorTest" name="testUndefined"/>
  <testcase time="0.001" classname="amazon.quiz.PalindromeDetectorTest" name="testUndefined"/>
  <testcase time="0" classname="amazon.quiz.PalindromeDetectorTest" name="testUndefined"/>
  <testcase time="0" classname="amazon.quiz.PalindromeDetectorTest" name="testUndefined"/>
  <testcase time="0" classname="amazon.quiz.PalindromeDetectorTest" name="testUndefined"/>
  <testcase time="0" classname="amazon.quiz.PalindromeDetectorTest" name="testUndefined"/>
  <testcase time="0" classname="amazon.quiz.PalindromeDetectorTest" name="testUndefined"/>
  <testcase time="0" classname="amazon.quiz.PalindromeDetectorTest" name="testUndefined"/>
  <testcase time="0.001" classname="amazon.quiz.PalindromeDetectorTest" name="testUndefined"/>
  <testcase time="0" classname="amazon.quiz.PalindromeDetectorTest" name="testUndefined"/>
  <testcase time="0.001" classname="amazon.quiz.PalindromeDetectorTest" name="testValidPalindromes"/>
  <testcase time="0" classname="amazon.quiz.PalindromeDetectorTest" name="testValidPalindromes"/>
  <testcase time="0.001" classname="amazon.quiz.PalindromeDetectorTest" name="testValidPalindromes"/>
  <testcase time="0" classname="amazon.quiz.PalindromeDetectorTest" name="testValidPalindromes"/>
</testsuite>