<?xml version="1.0" encoding="UTF-8"?>
<!-- Generated by org.testng.reporters.JUnitReportReporter -->
<testsuite hostname="laptop3" name="amazon.quiz.DuplicateDetectorTest" tests="9" failures="0" timestamp="3 Jun 2011 17:43:30 GMT" time="19" errors="0">
  <testcase name="testScenarios" time="2" classname="amazon.quiz.DuplicateDetectorTest"/>
  <testcase name="testScenarios" time="1" classname="amazon.quiz.DuplicateDetectorTest"/>
  <testcase name="testScenarios" time="1" classname="amazon.quiz.DuplicateDetectorTest"/>
  <testcase name="testScenarios" time="9" classname="amazon.quiz.DuplicateDetectorTest"/>
  <testcase name="testScenarios" time="1" classname="amazon.quiz.DuplicateDetectorTest"/>
  <testcase name="testScenarios" time="2" classname="amazon.quiz.DuplicateDetectorTest"/>
  <testcase name="testScenarios" time="1" classname="amazon.quiz.DuplicateDetectorTest"/>
  <testcase name="testScenarios" time="1" classname="amazon.quiz.DuplicateDetectorTest"/>
  <testcase name="testScenarios" time="1" classname="amazon.quiz.DuplicateDetectorTest"/>
</testsuite>
