<?xml version="1.0" encoding="UTF-8"?>
<!-- Generated by org.testng.reporters.JUnitReportReporter -->
<testsuite hostname="laptop3" name="amazon.quiz.PalindromeDetectorTest" tests="25" failures="0" timestamp="3 Jun 2011 17:43:25 GMT" time="38" errors="6">
  <testcase name="testUndefined" time="1" classname="amazon.quiz.PalindromeDetectorTest"/>
  <testcase name="testInvalidPalindromes" time="7" classname="amazon.quiz.PalindromeDetectorTest"/>
  <testcase name="testMinLength" time="0" classname="amazon.quiz.PalindromeDetectorTest"/>
  <testcase name="testValidPalindromes" time="1" classname="amazon.quiz.PalindromeDetectorTest"/>
  <testcase name="testUndefined" time="1" classname="amazon.quiz.PalindromeDetectorTest"/>
  <testcase name="testInvalidTypes" time="1" classname="amazon.quiz.PalindromeDetectorTest">
    <error type="java.lang.IllegalArgumentException" message="argument type mismatch">
      <![CDATA[java.lang.IllegalArgumentException: argument type mismatch
	at org.testng.reporters.JUnitReportReporter.generateReport(JUnitReportReporter.java:68)
	at org.testng.TestNG.generateReports(TestNG.java:931)
	at org.testng.TestNG.run(TestNG.java:912)
	at org.testng.remote.RemoteTestNG.run(RemoteTestNG.java:89)
	at org.testng.remote.RemoteTestNG.main(RemoteTestNG.java:144)
]]>
    </error>
  </testcase>
  <testcase name="testInvalidTypes" time="2" classname="amazon.quiz.PalindromeDetectorTest">
    <error type="java.lang.IllegalArgumentException" message="argument type mismatch">
      <![CDATA[java.lang.IllegalArgumentException: argument type mismatch
	at org.testng.reporters.JUnitReportReporter.generateReport(JUnitReportReporter.java:68)
	at org.testng.TestNG.generateReports(TestNG.java:931)
	at org.testng.TestNG.run(TestNG.java:912)
	at org.testng.remote.RemoteTestNG.run(RemoteTestNG.java:89)
	at org.testng.remote.RemoteTestNG.main(RemoteTestNG.java:144)
]]>
    </error>
  </testcase>
  <testcase name="testUndefined" time="1" classname="amazon.quiz.PalindromeDetectorTest"/>
  <testcase name="testUndefined" time="1" classname="amazon.quiz.PalindromeDetectorTest"/>
  <testcase name="testInvalidTypes" time="1" classname="amazon.quiz.PalindromeDetectorTest">
    <error type="java.lang.IllegalArgumentException" message="argument type mismatch">
      <![CDATA[java.lang.IllegalArgumentException: argument type mismatch
	at org.testng.reporters.JUnitReportReporter.generateReport(JUnitReportReporter.java:68)
	at org.testng.TestNG.generateReports(TestNG.java:931)
	at org.testng.TestNG.run(TestNG.java:912)
	at org.testng.remote.RemoteTestNG.run(RemoteTestNG.java:89)
	at org.testng.remote.RemoteTestNG.main(RemoteTestNG.java:144)
]]>
    </error>
  </testcase>
  <testcase name="testInvalidTypes" time="1" classname="amazon.quiz.PalindromeDetectorTest">
    <error type="java.lang.IllegalArgumentException" message="argument type mismatch">
      <![CDATA[java.lang.IllegalArgumentException: argument type mismatch
	at org.testng.reporters.JUnitReportReporter.generateReport(JUnitReportReporter.java:68)
	at org.testng.TestNG.generateReports(TestNG.java:931)
	at org.testng.TestNG.run(TestNG.java:912)
	at org.testng.remote.RemoteTestNG.run(RemoteTestNG.java:89)
	at org.testng.remote.RemoteTestNG.main(RemoteTestNG.java:144)
]]>
    </error>
  </testcase>
  <testcase name="testInvalidPalindromes" time="1" classname="amazon.quiz.PalindromeDetectorTest"/>
  <testcase name="testUndefined" time="1" classname="amazon.quiz.PalindromeDetectorTest"/>
  <testcase name="testInvalidTypes" time="1" classname="amazon.quiz.PalindromeDetectorTest">
    <error type="java.lang.IllegalArgumentException" message="argument type mismatch">
      <![CDATA[java.lang.IllegalArgumentException: argument type mismatch
	at org.testng.reporters.JUnitReportReporter.generateReport(JUnitReportReporter.java:68)
	at org.testng.TestNG.generateReports(TestNG.java:931)
	at org.testng.TestNG.run(TestNG.java:912)
	at org.testng.remote.RemoteTestNG.run(RemoteTestNG.java:89)
	at org.testng.remote.RemoteTestNG.main(RemoteTestNG.java:144)
]]>
    </error>
  </testcase>
  <testcase name="testValidPalindromes" time="1" classname="amazon.quiz.PalindromeDetectorTest"/>
  <testcase name="testUndefined" time="1" classname="amazon.quiz.PalindromeDetectorTest"/>
  <testcase name="testUndefined" time="2" classname="amazon.quiz.PalindromeDetectorTest"/>
  <testcase name="testUndefined" time="1" classname="amazon.quiz.PalindromeDetectorTest"/>
  <testcase name="testUndefined" time="2" classname="amazon.quiz.PalindromeDetectorTest"/>
  <testcase name="testInvalidPalindromes" time="1" classname="amazon.quiz.PalindromeDetectorTest"/>
  <testcase name="testUndefined" time="1" classname="amazon.quiz.PalindromeDetectorTest"/>
  <testcase name="testInvalidPalindromes" time="1" classname="amazon.quiz.PalindromeDetectorTest"/>
  <testcase name="testValidPalindromes" time="1" classname="amazon.quiz.PalindromeDetectorTest"/>
  <testcase name="testValidPalindromes" time="5" classname="amazon.quiz.PalindromeDetectorTest"/>
  <testcase name="testInvalidTypes" time="2" classname="amazon.quiz.PalindromeDetectorTest">
    <error type="java.lang.IllegalArgumentException" message="argument type mismatch">
      <![CDATA[java.lang.IllegalArgumentException: argument type mismatch
	at org.testng.reporters.JUnitReportReporter.generateReport(JUnitReportReporter.java:68)
	at org.testng.TestNG.generateReports(TestNG.java:931)
	at org.testng.TestNG.run(TestNG.java:912)
	at org.testng.remote.RemoteTestNG.run(RemoteTestNG.java:89)
	at org.testng.remote.RemoteTestNG.main(RemoteTestNG.java:144)
]]>
    </error>
  </testcase>
</testsuite>
